avg-cpu:  %user   %nice %system %iowait  %steal   %idle
           0.94    0.00    1.99    0.01    0.00   97.05

Device:         rrqm/s   wrqm/s     r/s     w/s    rkB/s    wkB/s avgrq-sz avgqu-sz   await r_await w_await  svctm  %util
sda               0.01   179.22    0.17  169.26    22.57  2623.05    31.23     0.02    0.13    3.85    0.12   0.03   0.53

avg-cpu:  %user   %nice %system %iowait  %steal   %idle
           4.31    0.00    3.54    0.00    0.00   92.16

Device:         rrqm/s   wrqm/s     r/s     w/s    rkB/s    wkB/s avgrq-sz avgqu-sz   await r_await w_await  svctm  %util
sda               0.00   236.50    0.00  151.00     0.00  2628.00    34.81     0.00    0.01    0.00    0.01   0.01   0.20

avg-cpu:  %user   %nice %system %iowait  %steal   %idle
           4.47    0.00    3.80    0.00    0.00   91.73

Device:         rrqm/s   wrqm/s     r/s     w/s    rkB/s    wkB/s avgrq-sz avgqu-sz   await r_await w_await  svctm  %util
sda               0.00   232.00    0.00  170.50     0.00  2736.00    32.09     0.00    0.02    0.00    0.02   0.02   0.40

avg-cpu:  %user   %nice %system %iowait  %steal   %idle
           4.35    0.00    3.89    5.25    0.00   86.51

Device:         rrqm/s   wrqm/s     r/s     w/s    rkB/s    wkB/s avgrq-sz avgqu-sz   await r_await w_await  svctm  %util
sda               0.00   106.00    0.00  656.50     0.00 156200.00   475.86    73.22   76.80    0.00   76.80   0.76  49.80

avg-cpu:  %user   %nice %system %iowait  %steal   %idle
           4.04    0.00    2.88    6.38    0.00   86.70

Device:         rrqm/s   wrqm/s     r/s     w/s    rkB/s    wkB/s avgrq-sz avgqu-sz   await r_await w_await  svctm  %util
sda               0.00    20.00    0.00  274.00     0.00 71988.00   525.46   145.40  536.09    0.00  536.09   3.65 100.00

avg-cpu:  %user   %nice %system %iowait  %steal   %idle
           3.00    0.00    0.38    6.04    0.00   90.58

Device:         rrqm/s   wrqm/s     r/s     w/s    rkB/s    wkB/s avgrq-sz avgqu-sz   await r_await w_await  svctm  %util
sda               0.00     1.00    0.00  249.50     0.00 67238.00   538.98   142.15  581.20    0.00  581.20   4.01 100.00

avg-cpu:  %user   %nice %system %iowait  %steal   %idle
           3.00    0.00    0.47    6.03    0.00   90.50

Device:         rrqm/s   wrqm/s     r/s     w/s    rkB/s    wkB/s avgrq-sz avgqu-sz   await r_await w_await  svctm  %util
sda               0.00     0.00    0.00  260.00     0.00 70894.00   545.34   143.09  540.22    0.00  540.22   3.85 100.00

avg-cpu:  %user   %nice %system %iowait  %steal   %idle
           2.95    0.00    0.39    6.06    0.00   90.60

Device:         rrqm/s   wrqm/s     r/s     w/s    rkB/s    wkB/s avgrq-sz avgqu-sz   await r_await w_await  svctm  %util
sda               0.00     1.00    0.00  269.00     0.00 73176.00   544.06   143.22  539.09    0.00  539.09   3.72 100.00

avg-cpu:  %user   %nice %system %iowait  %steal   %idle
           3.03    0.00    0.50    6.04    0.00   90.43

Device:         rrqm/s   wrqm/s     r/s     w/s    rkB/s    wkB/s avgrq-sz avgqu-sz   await r_await w_await  svctm  %util
sda               0.00     0.00    0.00  247.50     0.00 67532.00   545.71   143.05  572.37    0.00  572.37   4.04 100.00

avg-cpu:  %user   %nice %system %iowait  %steal   %idle
           1.30    0.00    0.41    7.75    0.00   90.54

Device:         rrqm/s   wrqm/s     r/s     w/s    rkB/s    wkB/s avgrq-sz avgqu-sz   await r_await w_await  svctm  %util
sda               0.00     0.00    0.00  281.50     0.00 76844.00   545.96   151.19  471.72    0.00  471.72   3.55 100.00

avg-cpu:  %user   %nice %system %iowait  %steal   %idle
           0.02    0.00    0.44    9.02    0.00   90.52

Device:         rrqm/s   wrqm/s     r/s     w/s    rkB/s    wkB/s avgrq-sz avgqu-sz   await r_await w_await  svctm  %util
sda               0.00     0.00    0.00  282.00     0.00 77088.00   546.72   229.42  485.23    0.00  485.23   3.55 100.00

avg-cpu:  %user   %nice %system %iowait  %steal   %idle
           0.03    0.00    0.36    9.37    0.00   90.24

Device:         rrqm/s   wrqm/s     r/s     w/s    rkB/s    wkB/s avgrq-sz avgqu-sz   await r_await w_await  svctm  %util
sda               0.00     1.00    0.00  261.00     0.00 71178.00   545.43   300.24  546.21    0.00  546.21   3.83 100.00

avg-cpu:  %user   %nice %system %iowait  %steal   %idle
           0.05    0.00    0.38    9.18    0.00   90.40

Device:         rrqm/s   wrqm/s     r/s     w/s    rkB/s    wkB/s avgrq-sz avgqu-sz   await r_await w_await  svctm  %util
sda               0.00     0.00    0.00  255.50     0.00 69634.00   545.08   298.82  548.80    0.00  548.80   3.91 100.00

avg-cpu:  %user   %nice %system %iowait  %steal   %idle
           3.65    0.00    5.45   15.72    0.00   75.19

Device:         rrqm/s   wrqm/s     r/s     w/s    rkB/s    wkB/s avgrq-sz avgqu-sz   await r_await w_await  svctm  %util
sda               0.00    12.00    0.00  200.50     0.00 50904.00   507.77   145.92 2877.44    0.00 2877.44   5.23 104.80

avg-cpu:  %user   %nice %system %iowait  %steal   %idle
           2.61    0.00    6.71   24.52    0.00   66.17

Device:         rrqm/s   wrqm/s     r/s     w/s    rkB/s    wkB/s avgrq-sz avgqu-sz   await r_await w_await  svctm  %util
sda               0.00   130.50    0.50   90.50     2.00 12098.00   265.93    34.60  565.87 1552.00  560.42   5.47  49.80

avg-cpu:  %user   %nice %system %iowait  %steal   %idle
           1.47    0.00    3.40    0.02    0.00   95.11

Device:         rrqm/s   wrqm/s     r/s     w/s    rkB/s    wkB/s avgrq-sz avgqu-sz   await r_await w_await  svctm  %util
sda               0.00   128.00    0.00  135.50     0.00  2326.00    34.33     0.05    0.35    0.00    0.35   0.04   0.60

avg-cpu:  %user   %nice %system %iowait  %steal   %idle
           1.21    0.00    2.95    0.00    0.00   95.84

Device:         rrqm/s   wrqm/s     r/s     w/s    rkB/s    wkB/s avgrq-sz avgqu-sz   await r_await w_await  svctm  %util
sda               0.00   133.50    0.00  142.00     0.00  2154.00    30.34     0.01    0.07    0.00    0.07   0.01   0.20

avg-cpu:  %user   %nice %system %iowait  %steal   %idle
           1.30    0.00    3.25    0.00    0.00   95.45

Device:         rrqm/s   wrqm/s     r/s     w/s    rkB/s    wkB/s avgrq-sz avgqu-sz   await r_await w_await  svctm  %util
sda               0.00   139.00    0.00  129.50     0.00  2390.00    36.91     0.00    0.03    0.00    0.03   0.03   0.40

avg-cpu:  %user   %nice %system %iowait  %steal   %idle
           1.14    0.00    3.42    0.02    0.00   95.42

Device:         rrqm/s   wrqm/s     r/s     w/s    rkB/s    wkB/s avgrq-sz avgqu-sz   await r_await w_await  svctm  %util
sda               0.00   156.00    0.00  142.50     0.00  2354.00    33.04     0.00    0.03    0.00    0.03   0.03   0.40

avg-cpu:  %user   %nice %system %iowait  %steal   %idle
           1.41    0.00    4.28    0.00    0.00   94.31

Device:         rrqm/s   wrqm/s     r/s     w/s    rkB/s    wkB/s avgrq-sz avgqu-sz   await r_await w_await  svctm  %util
sda               0.00   155.50    0.00  132.50     0.00  2400.00    36.23     0.00    0.03    0.00    0.03   0.02   0.20

avg-cpu:  %user   %nice %system %iowait  %steal   %idle
           1.22    0.00    3.29    0.00    0.00   95.48

Device:         rrqm/s   wrqm/s     r/s     w/s    rkB/s    wkB/s avgrq-sz avgqu-sz   await r_await w_await  svctm  %util
sda               0.00   153.50    0.00  144.00     0.00  2352.00    32.67     0.01    0.10    0.00    0.10   0.04   0.60

avg-cpu:  %user   %nice %system %iowait  %steal   %idle
           1.40    0.00    3.59    0.02    0.00   94.99

Device:         rrqm/s   wrqm/s     r/s     w/s    rkB/s    wkB/s avgrq-sz avgqu-sz   await r_await w_await  svctm  %util
sda               0.00   156.00    0.00  144.50     0.00  2294.00    31.75     0.01    0.04    0.00    0.04   0.04   0.60

avg-cpu:  %user   %nice %system %iowait  %steal   %idle
           1.27    0.00    3.35    0.00    0.00   95.38

Device:         rrqm/s   wrqm/s     r/s     w/s    rkB/s    wkB/s avgrq-sz avgqu-sz   await r_await w_await  svctm  %util
sda               0.00   150.00    0.00  123.00     0.00  2226.00    36.20     0.01    0.05    0.00    0.05   0.03   0.40

avg-cpu:  %user   %nice %system %iowait  %steal   %idle
           1.27    0.00    3.30    0.00    0.00   95.43

Device:         rrqm/s   wrqm/s     r/s     w/s    rkB/s    wkB/s avgrq-sz avgqu-sz   await r_await w_await  svctm  %util
sda               0.00   157.00    0.00  135.00     0.00  2292.00    33.96     0.00    0.00    0.00    0.00   0.00   0.00

avg-cpu:  %user   %nice %system %iowait  %steal   %idle
           1.33    0.00    3.36    0.00    0.00   95.31

Device:         rrqm/s   wrqm/s     r/s     w/s    rkB/s    wkB/s avgrq-sz avgqu-sz   await r_await w_await  svctm  %util
sda               0.00   147.50    0.00  129.50     0.00  2234.00    34.50     0.00    0.00    0.00    0.00   0.00   0.00

avg-cpu:  %user   %nice %system %iowait  %steal   %idle
           1.33    0.00    3.40    0.02    0.00   95.25

Device:         rrqm/s   wrqm/s     r/s     w/s    rkB/s    wkB/s avgrq-sz avgqu-sz   await r_await w_await  svctm  %util
sda               0.00   158.00    0.00  128.50     0.00  2284.00    35.55     0.00    0.00    0.00    0.00   0.00   0.00

avg-cpu:  %user   %nice %system %iowait  %steal   %idle
           1.35    0.00    3.68    0.00    0.00   94.97

Device:         rrqm/s   wrqm/s     r/s     w/s    rkB/s    wkB/s avgrq-sz avgqu-sz   await r_await w_await  svctm  %util
sda               0.00   156.00    0.00  120.50     0.00  2366.00    39.27     0.01    0.05    0.00    0.05   0.03   0.40

avg-cpu:  %user   %nice %system %iowait  %steal   %idle
           1.24    0.00    3.35    0.02    0.00   95.39

Device:         rrqm/s   wrqm/s     r/s     w/s    rkB/s    wkB/s avgrq-sz avgqu-sz   await r_await w_await  svctm  %util
sda               0.00   155.00    0.00  113.50     0.00  2258.00    39.79     0.00    0.04    0.00    0.04   0.04   0.40

avg-cpu:  %user   %nice %system %iowait  %steal   %idle
           1.21    0.00    3.06    0.09    0.00   95.64

Device:         rrqm/s   wrqm/s     r/s     w/s    rkB/s    wkB/s avgrq-sz avgqu-sz   await r_await w_await  svctm  %util
sda               0.00   146.00    0.00  119.50     0.00  2118.00    35.45     0.06    0.47    0.00    0.47   0.08   1.00

avg-cpu:  %user   %nice %system %iowait  %steal   %idle
           1.38    0.00    3.33    0.00    0.00   95.30

Device:         rrqm/s   wrqm/s     r/s     w/s    rkB/s    wkB/s avgrq-sz avgqu-sz   await r_await w_await  svctm  %util
sda               0.00   149.00    0.00  119.50     0.00  2166.00    36.25     0.01    0.05    0.00    0.05   0.05   0.60

avg-cpu:  %user   %nice %system %iowait  %steal   %idle
           1.21    0.00    2.99    0.00    0.00   95.80

Device:         rrqm/s   wrqm/s     r/s     w/s    rkB/s    wkB/s avgrq-sz avgqu-sz   await r_await w_await  svctm  %util
sda               0.00   210.50    0.00  207.00     0.00  2800.00    27.05     0.02    0.08    0.00    0.08   0.03   0.60

avg-cpu:  %user   %nice %system %iowait  %steal   %idle
           1.24    0.00    2.90    0.13    0.00   95.74

Device:         rrqm/s   wrqm/s     r/s     w/s    rkB/s    wkB/s avgrq-sz avgqu-sz   await r_await w_await  svctm  %util
sda               0.00   126.50    0.00  118.50     0.00  1950.00    32.91     0.11    0.89    0.00    0.89   0.15   1.80

avg-cpu:  %user   %nice %system %iowait  %steal   %idle
           1.39    0.00    3.02    0.00    0.00   95.59

Device:         rrqm/s   wrqm/s     r/s     w/s    rkB/s    wkB/s avgrq-sz avgqu-sz   await r_await w_await  svctm  %util
sda               0.00   156.50    0.00  149.00     0.00  2236.00    30.01     0.01    0.05    0.00    0.05   0.04   0.60

avg-cpu:  %user   %nice %system %iowait  %steal   %idle
           1.10    0.00    2.94    0.05    0.00   95.91

Device:         rrqm/s   wrqm/s     r/s     w/s    rkB/s    wkB/s avgrq-sz avgqu-sz   await r_await w_await  svctm  %util
sda               0.00   138.00    0.00  131.50     0.00  2104.00    32.00     0.04    0.33    0.00    0.33   0.06   0.80

avg-cpu:  %user   %nice %system %iowait  %steal   %idle
           1.38    0.00    2.93    0.02    0.00   95.67

Device:         rrqm/s   wrqm/s     r/s     w/s    rkB/s    wkB/s avgrq-sz avgqu-sz   await r_await w_await  svctm  %util
sda               0.00   157.00    0.00  158.00     0.00  2374.00    30.05     0.02    0.10    0.00    0.10   0.05   0.80

avg-cpu:  %user   %nice %system %iowait  %steal   %idle
           1.29    0.00    2.90    0.00    0.00   95.81

Device:         rrqm/s   wrqm/s     r/s     w/s    rkB/s    wkB/s avgrq-sz avgqu-sz   await r_await w_await  svctm  %util
sda               0.00   161.00    0.00  171.00     0.00  2598.00    30.39     0.00    0.02    0.00    0.02   0.01   0.20

avg-cpu:  %user   %nice %system %iowait  %steal   %idle
           1.15    0.00    3.06    0.09    0.00   95.70

Device:         rrqm/s   wrqm/s     r/s     w/s    rkB/s    wkB/s avgrq-sz avgqu-sz   await r_await w_await  svctm  %util
sda               0.00   142.00    0.00  131.00     0.00  2226.00    33.98     0.04    0.27    0.00    0.27   0.09   1.20

avg-cpu:  %user   %nice %system %iowait  %steal   %idle
           1.30    0.00    3.02    0.00    0.00   95.69

Device:         rrqm/s   wrqm/s     r/s     w/s    rkB/s    wkB/s avgrq-sz avgqu-sz   await r_await w_await  svctm  %util
sda               0.00   165.00    0.00  164.00     0.00  2458.00    29.98     0.04    0.24    0.00    0.24   0.05   0.80

avg-cpu:  %user   %nice %system %iowait  %steal   %idle
           1.22    0.00    2.90    0.08    0.00   95.80

Device:         rrqm/s   wrqm/s     r/s     w/s    rkB/s    wkB/s avgrq-sz avgqu-sz   await r_await w_await  svctm  %util
sda               0.00   140.50    0.00  131.00     0.00  2210.00    33.74     0.06    0.46    0.00    0.46   0.09   1.20

avg-cpu:  %user   %nice %system %iowait  %steal   %idle
           1.65    0.00    2.68    0.00    0.00   95.67

Device:         rrqm/s   wrqm/s     r/s     w/s    rkB/s    wkB/s avgrq-sz avgqu-sz   await r_await w_await  svctm  %util
sda               0.00   161.50    0.00  161.00     0.00  2370.00    29.44     0.01    0.09    0.00    0.09   0.04   0.60

avg-cpu:  %user   %nice %system %iowait  %steal   %idle
           1.35    0.00    3.08    0.02    0.00   95.56

Device:         rrqm/s   wrqm/s     r/s     w/s    rkB/s    wkB/s avgrq-sz avgqu-sz   await r_await w_await  svctm  %util
sda               0.00   179.00    0.00  175.00     0.00  2528.00    28.89     0.02    0.10    0.00    0.10   0.03   0.60

avg-cpu:  %user   %nice %system %iowait  %steal   %idle
           1.12    0.00    3.25    0.06    0.00   95.56

Device:         rrqm/s   wrqm/s     r/s     w/s    rkB/s    wkB/s avgrq-sz avgqu-sz   await r_await w_await  svctm  %util
sda               0.00   150.00    0.00  145.50     0.00  2380.00    32.71     0.07    0.45    0.00    0.45   0.11   1.60

avg-cpu:  %user   %nice %system %iowait  %steal   %idle
           1.22    0.00    3.21    0.00    0.00   95.57

Device:         rrqm/s   wrqm/s     r/s     w/s    rkB/s    wkB/s avgrq-sz avgqu-sz   await r_await w_await  svctm  %util
sda               0.00   163.00    0.00  157.50     0.00  2382.00    30.25     0.03    0.20    0.00    0.20   0.06   1.00

avg-cpu:  %user   %nice %system %iowait  %steal   %idle
           1.29    0.00    3.42    0.06    0.00   95.23

Device:         rrqm/s   wrqm/s     r/s     w/s    rkB/s    wkB/s avgrq-sz avgqu-sz   await r_await w_await  svctm  %util
sda               0.00   162.00    0.00  144.00     0.00  2402.00    33.36     0.05    0.35    0.00    0.35   0.08   1.20

avg-cpu:  %user   %nice %system %iowait  %steal   %idle
           1.60    0.00    3.52    0.00    0.00   94.88

Device:         rrqm/s   wrqm/s     r/s     w/s    rkB/s    wkB/s avgrq-sz avgqu-sz   await r_await w_await  svctm  %util
sda               0.00   169.00    0.00  142.50     0.00  2492.00    34.98     0.00    0.01    0.00    0.01   0.01   0.20

avg-cpu:  %user   %nice %system %iowait  %steal   %idle
           1.33    0.00    3.13    0.00    0.00   95.53

Device:         rrqm/s   wrqm/s     r/s     w/s    rkB/s    wkB/s avgrq-sz avgqu-sz   await r_await w_await  svctm  %util
sda               0.00   171.00    0.00  164.00     0.00  2572.00    31.37     0.01    0.05    0.00    0.05   0.01   0.20

avg-cpu:  %user   %nice %system %iowait  %steal   %idle
           1.42    0.00    3.68    0.06    0.00   94.84

Device:         rrqm/s   wrqm/s     r/s     w/s    rkB/s    wkB/s avgrq-sz avgqu-sz   await r_await w_await  svctm  %util
sda               0.00   166.00    0.00  144.00     0.00  2590.00    35.97     0.04    0.25    0.00    0.25   0.08   1.20

avg-cpu:  %user   %nice %system %iowait  %steal   %idle
           1.42    0.00    4.13    0.00    0.00   94.45

Device:         rrqm/s   wrqm/s     r/s     w/s    rkB/s    wkB/s avgrq-sz avgqu-sz   await r_await w_await  svctm  %util
sda               0.00   185.00    0.00  177.00     0.00  3112.00    35.16     0.03    0.16    0.00    0.16   0.08   1.40

avg-cpu:  %user   %nice %system %iowait  %steal   %idle
           1.46    0.00    3.79    0.06    0.00   94.69

Device:         rrqm/s   wrqm/s     r/s     w/s    rkB/s    wkB/s avgrq-sz avgqu-sz   await r_await w_await  svctm  %util
sda               0.00   168.50    0.00  159.00     0.00  3066.00    38.57     0.04    0.28    0.00    0.28   0.06   1.00

avg-cpu:  %user   %nice %system %iowait  %steal   %idle
           1.58    0.00    4.03    0.00    0.00   94.40

Device:         rrqm/s   wrqm/s     r/s     w/s    rkB/s    wkB/s avgrq-sz avgqu-sz   await r_await w_await  svctm  %util
sda               0.00   172.50    0.00  156.00     0.00  2932.00    37.59     0.01    0.08    0.00    0.08   0.04   0.60

avg-cpu:  %user   %nice %system %iowait  %steal   %idle
           1.55    0.00    3.82    0.02    0.00   94.62

Device:         rrqm/s   wrqm/s     r/s     w/s    rkB/s    wkB/s avgrq-sz avgqu-sz   await r_await w_await  svctm  %util
sda               0.00   174.50    0.00  151.50     0.00  3148.00    41.56     0.00    0.01    0.00    0.01   0.01   0.20

avg-cpu:  %user   %nice %system %iowait  %steal   %idle
           1.53    0.00    4.11    0.05    0.00   94.31

Device:         rrqm/s   wrqm/s     r/s     w/s    rkB/s    wkB/s avgrq-sz avgqu-sz   await r_await w_await  svctm  %util
sda               0.00   187.00    0.00  161.00     0.00  3302.00    41.02     0.02    0.14    0.00    0.14   0.06   1.00

avg-cpu:  %user   %nice %system %iowait  %steal   %idle
           1.65    0.00    4.15    0.02    0.00   94.19

Device:         rrqm/s   wrqm/s     r/s     w/s    rkB/s    wkB/s avgrq-sz avgqu-sz   await r_await w_await  svctm  %util
sda               0.00   180.50    0.00  153.50     0.00  3188.00    41.54     0.01    0.07    0.00    0.07   0.04   0.60

avg-cpu:  %user   %nice %system %iowait  %steal   %idle
           1.63    0.00    4.30    0.06    0.00   94.01

Device:         rrqm/s   wrqm/s     r/s     w/s    rkB/s    wkB/s avgrq-sz avgqu-sz   await r_await w_await  svctm  %util
sda               0.00   181.50    0.00  165.00     0.00  3394.00    41.14     0.04    0.24    0.00    0.24   0.08   1.40

avg-cpu:  %user   %nice %system %iowait  %steal   %idle
           1.70    0.00    4.41    0.00    0.00   93.88

Device:         rrqm/s   wrqm/s     r/s     w/s    rkB/s    wkB/s avgrq-sz avgqu-sz   await r_await w_await  svctm  %util
sda               0.00   177.50    0.00  160.50     0.00  3314.00    41.30     0.00    0.00    0.00    0.00   0.00   0.00

avg-cpu:  %user   %nice %system %iowait  %steal   %idle
           1.28    0.00    4.34    0.02    0.00   94.36

Device:         rrqm/s   wrqm/s     r/s     w/s    rkB/s    wkB/s avgrq-sz avgqu-sz   await r_await w_await  svctm  %util
sda               0.00   174.00    0.00  155.50     0.00  3316.00    42.65     0.00    0.00    0.00    0.00   0.00   0.00

avg-cpu:  %user   %nice %system %iowait  %steal   %idle
           1.49    0.00    4.07    0.06    0.00   94.39

Device:         rrqm/s   wrqm/s     r/s     w/s    rkB/s    wkB/s avgrq-sz avgqu-sz   await r_await w_await  svctm  %util
sda               0.00   189.00    0.00  165.50     0.00  3402.00    41.11     0.02    0.12    0.00    0.12   0.07   1.20

avg-cpu:  %user   %nice %system %iowait  %steal   %idle
           1.27    0.00    3.18    0.00    0.00   95.55

Device:         rrqm/s   wrqm/s     r/s     w/s    rkB/s    wkB/s avgrq-sz avgqu-sz   await r_await w_await  svctm  %util
sda               0.00   186.00    0.00  170.50     0.00  2914.00    34.18     0.01    0.08    0.00    0.08   0.01   0.20

avg-cpu:  %user   %nice %system %iowait  %steal   %idle
           1.28    0.00    3.67    0.05    0.00   95.00

Device:         rrqm/s   wrqm/s     r/s     w/s    rkB/s    wkB/s avgrq-sz avgqu-sz   await r_await w_await  svctm  %util
sda               0.00   181.00    0.00  170.00     0.00  3216.00    37.84     0.01    0.07    0.00    0.07   0.06   1.00
